2019-02-11 17:27:16,373 INFO loading None profile from config /home/adamw97/.twarc
2019-02-11 17:27:51,038 INFO loading None profile from config /home/adamw97/.twarc
2019-02-11 17:28:53,155 INFO loading None profile from config /home/adamw97/.twarc
2019-02-11 17:28:53,156 INFO creating http session
2019-02-11 17:28:53,157 INFO getting ('https://api.twitter.com/1.1/account/verify_credentials.json',) {'params': {'tweet_node': 'extended'}}
2019-02-11 17:28:53,363 INFO looking up users adamwilborn97
2019-02-11 17:28:53,363 INFO getting ('https://api.twitter.com/1.1/users/lookup.json',) {'params': {'screen_name': 'adamwilborn97', 'tweet_mode': 'extended'}}
2019-02-11 17:28:53,452 INFO archived 922482322234118144
2019-02-11 17:28:53,997 INFO loading None profile from config /home/adamw97/.twarc
2019-02-11 17:28:53,998 INFO creating http session
2019-02-11 17:28:53,998 INFO getting ('https://api.twitter.com/1.1/account/verify_credentials.json',) {'params': {'tweet_node': 'extended'}}
2019-02-11 17:28:54,176 INFO starting user timeline for user adamwilborn97
2019-02-11 17:28:54,176 INFO getting ('https://api.twitter.com/1.1/statuses/user_timeline.json',) {'params': {'count': 200, 'include_ext_alt_text': 'true', 'screen_name': 'adamwilborn97', 'tweet_mode': 'extended'}}
2019-02-11 17:28:54,640 INFO archived 1093648850131316742
2019-02-11 17:28:54,641 INFO archived 1092918494583238656
2019-02-11 17:28:54,641 INFO archived 1092536657490911234
2019-02-11 17:28:54,641 INFO archived 1092053544885252096
2019-02-11 17:28:54,641 INFO archived 1090635195735257088
2019-02-11 17:28:54,642 INFO archived 1090634199655219201
2019-02-11 17:28:54,642 INFO archived 1088311880089780224
2019-02-11 17:28:54,642 INFO archived 1086836847056171008
2019-02-11 17:28:54,642 INFO archived 1086018692926853120
2019-02-11 17:28:54,642 INFO archived 1085930664707256321
2019-02-11 17:28:54,643 INFO archived 1085393320900284416
2019-02-11 17:28:54,643 INFO archived 1084964122154790912
2019-02-11 17:28:54,643 INFO archived 1084902062666670080
2019-02-11 17:28:54,643 INFO archived 1084893390011916288
2019-02-11 17:28:54,643 INFO archived 1082478549930569728
2019-02-11 17:28:54,643 INFO archived 1079813611407794177
2019-02-11 17:28:54,644 INFO archived 1078885861587066880
2019-02-11 17:28:54,644 INFO archived 1077626877832056836
2019-02-11 17:28:54,644 INFO archived 1077423647449628672
2019-02-11 17:28:54,644 INFO archived 1077345137599090689
2019-02-11 17:28:54,644 INFO archived 1077228461041827840
2019-02-11 17:28:54,644 INFO archived 1076622774398001153
2019-02-11 17:28:54,644 INFO archived 1076015933565616128
2019-02-11 17:28:54,645 INFO archived 1075222147704991744
2019-02-11 17:28:54,645 INFO archived 1074745579991912448
2019-02-11 17:28:54,645 INFO archived 1074542121502298112
2019-02-11 17:28:54,645 INFO archived 1073059907681828865
2019-02-11 17:28:54,645 INFO archived 1072542117061365763
2019-02-11 17:28:54,645 INFO archived 1071886856260911104
2019-02-11 17:28:54,646 INFO archived 1071862376415281152
2019-02-11 17:28:54,646 INFO archived 1071859314242019328
2019-02-11 17:28:54,646 INFO archived 1071277139004137472
2019-02-11 17:28:54,646 INFO archived 1070321853175078913
2019-02-11 17:28:54,646 INFO archived 1070040480380010496
2019-02-11 17:28:54,646 INFO archived 1069659401068404736
2019-02-11 17:28:54,647 INFO archived 1069097208543354880
2019-02-11 17:28:54,647 INFO archived 1067865343798988802
2019-02-11 17:28:54,647 INFO archived 1067483905538834432
2019-02-11 17:28:54,647 INFO archived 1067462765957300230
2019-02-11 17:28:54,647 INFO archived 1066518109039853569
2019-02-11 17:28:54,647 INFO archived 1066493165325168641
2019-02-11 17:28:54,648 INFO archived 1064976652852215809
2019-02-11 17:28:54,648 INFO archived 1064858746843799552
2019-02-11 17:28:54,648 INFO archived 1064856847906148353
2019-02-11 17:28:54,648 INFO archived 1064855054178533377
2019-02-11 17:28:54,648 INFO archived 1063452208476430336
2019-02-11 17:28:54,649 INFO archived 1061827875639312384
2019-02-11 17:28:54,649 INFO archived 1061639709464629248
2019-02-11 17:28:54,649 INFO archived 1060907080868077570
2019-02-11 17:28:54,649 INFO archived 1058438763431518214
2019-02-11 17:28:54,650 INFO archived 1058438525497106432
2019-02-11 17:28:54,650 INFO archived 1058411264504926209
2019-02-11 17:28:54,650 INFO archived 1056992188524122112
2019-02-11 17:28:54,650 INFO archived 1056892540589355008
2019-02-11 17:28:54,650 INFO archived 1055501881617858561
2019-02-11 17:28:54,651 INFO archived 1054959858183737346
2019-02-11 17:28:54,651 INFO archived 1054819875833692161
2019-02-11 17:28:54,651 INFO archived 1054003572885671936
2019-02-11 17:28:54,651 INFO archived 1053043996996640768
2019-02-11 17:28:54,651 INFO archived 1052442534943838208
2019-02-11 17:28:54,651 INFO archived 1051865476119371776
2019-02-11 17:28:54,652 INFO archived 1050430698216132608
2019-02-11 17:28:54,652 INFO archived 1050182156822241280
2019-02-11 17:28:54,652 INFO archived 1050015051787247617
2019-02-11 17:28:54,652 INFO archived 1049826722579980288
2019-02-11 17:28:54,653 INFO archived 1048815563424899072
2019-02-11 17:28:54,653 INFO archived 1048431161452769280
2019-02-11 17:28:54,653 INFO archived 1048430413717393408
2019-02-11 17:28:54,653 INFO archived 1048322432187191297
2019-02-11 17:28:54,653 INFO archived 1048046465199886338
2019-02-11 17:28:54,653 INFO archived 1046906367620079617
2019-02-11 17:28:54,654 INFO archived 1046626600492642307
2019-02-11 17:28:54,654 INFO archived 1046589678126866436
2019-02-11 17:28:54,654 INFO archived 1046494449130524682
2019-02-11 17:28:54,654 INFO archived 1046234222770487303
2019-02-11 17:28:54,654 INFO archived 1045908474281054208
2019-02-11 17:28:54,655 INFO archived 1045814908028366848
2019-02-11 17:28:54,655 INFO archived 1045688779095330816
2019-02-11 17:28:54,655 INFO archived 1045688767565246467
2019-02-11 17:28:54,655 INFO archived 1045678602078031874
2019-02-11 17:28:54,655 INFO archived 1045528249139417088
2019-02-11 17:28:54,655 INFO archived 1045356945157304322
2019-02-11 17:28:54,656 INFO archived 1045158659779645440
2019-02-11 17:28:54,656 INFO archived 1045094363691450369
2019-02-11 17:28:54,656 INFO archived 1044935749341237248
2019-02-11 17:28:54,656 INFO archived 1044845901150400515
2019-02-11 17:28:54,656 INFO archived 1044841559483707394
2019-02-11 17:28:54,657 INFO archived 1044748095488176128
2019-02-11 17:28:54,657 INFO archived 1044256459893207041
2019-02-11 17:28:54,657 INFO archived 1044246046451400704
2019-02-11 17:28:54,657 INFO archived 1042499547572957184
2019-02-11 17:28:54,657 INFO archived 1042208772733775872
2019-02-11 17:28:54,658 INFO archived 1041923393547894784
2019-02-11 17:28:54,658 INFO archived 1041529097007050752
2019-02-11 17:28:54,658 INFO archived 1040066499099217920
2019-02-11 17:28:54,658 INFO archived 1039903541119344641
2019-02-11 17:28:54,658 INFO archived 1039897438004367361
2019-02-11 17:28:54,658 INFO archived 1039516620098600960
2019-02-11 17:28:54,659 INFO archived 1038946320814366720
2019-02-11 17:28:54,659 INFO archived 1037540647761313792
2019-02-11 17:28:54,659 INFO archived 1037376705382494208
2019-02-11 17:28:54,659 INFO archived 1037376318629965824
2019-02-11 17:28:54,659 INFO archived 1034951743140974593
2019-02-11 17:28:54,659 INFO archived 1034659195512139776
2019-02-11 17:28:54,660 INFO archived 1033149100928188416
2019-02-11 17:28:54,660 INFO archived 1033121975349194752
2019-02-11 17:28:54,660 INFO archived 1032275267409137665
2019-02-11 17:28:54,660 INFO archived 1031688759014772738
2019-02-11 17:28:54,660 INFO archived 1031048279621087232
2019-02-11 17:28:54,660 INFO archived 1030073600739561472
2019-02-11 17:28:54,661 INFO archived 1029713154052382721
2019-02-11 17:28:54,661 INFO archived 1028992397718560768
2019-02-11 17:28:54,661 INFO archived 1027720810759417856
2019-02-11 17:28:54,661 INFO archived 1027515956103266304
2019-02-11 17:28:54,661 INFO archived 1026607926394408963
2019-02-11 17:28:54,662 INFO archived 1026441814776180737
2019-02-11 17:28:54,662 INFO archived 1026216050281656320
2019-02-11 17:28:54,662 INFO archived 1025892163907932161
2019-02-11 17:28:54,662 INFO archived 1025884532266946561
2019-02-11 17:28:54,662 INFO archived 1024812170389987329
2019-02-11 17:28:54,663 INFO archived 1023709273908551681
2019-02-11 17:28:54,663 INFO archived 1023274425796501504
2019-02-11 17:28:54,663 INFO archived 1022594895922573312
2019-02-11 17:28:54,663 INFO archived 1022460573123072001
2019-02-11 17:28:54,663 INFO archived 1022223790456143877
2019-02-11 17:28:54,664 INFO archived 1022198461498839040
2019-02-11 17:28:54,664 INFO archived 1022135529796718592
2019-02-11 17:28:54,664 INFO archived 1021725600678141952
2019-02-11 17:28:54,664 INFO archived 1021204740078743552
2019-02-11 17:28:54,664 INFO archived 1019048402951266304
2019-02-11 17:28:54,665 INFO archived 1018430746145513472
2019-02-11 17:28:54,665 INFO archived 1017969295891030016
2019-02-11 17:28:54,665 INFO archived 1017968652967206912
2019-02-11 17:28:54,665 INFO archived 1016841543787958272
2019-02-11 17:28:54,665 INFO archived 1016694597567868929
2019-02-11 17:28:54,665 INFO archived 1016511562377584645
2019-02-11 17:28:54,666 INFO archived 1015761105237565440
2019-02-11 17:28:54,666 INFO archived 1015733883042660352
2019-02-11 17:28:54,666 INFO archived 1015619930480365569
2019-02-11 17:28:54,666 INFO archived 1013533936323096577
2019-02-11 17:28:54,666 INFO archived 1012795252179132416
2019-02-11 17:28:54,667 INFO archived 1010566934298021888
2019-02-11 17:28:54,667 INFO archived 1010533206297374720
2019-02-11 17:28:54,667 INFO archived 1010512912950136832
2019-02-11 17:28:54,667 INFO archived 1010512502944301056
2019-02-11 17:28:54,667 INFO archived 1008521015763357696
2019-02-11 17:28:54,668 INFO archived 1008428982415581186
2019-02-11 17:28:54,668 INFO archived 1008417495190069249
2019-02-11 17:28:54,668 INFO archived 1008174677573988352
2019-02-11 17:28:54,668 INFO archived 1007075450156351494
2019-02-11 17:28:54,668 INFO archived 1006283174664704000
2019-02-11 17:28:54,669 INFO archived 1006229025369546752
2019-02-11 17:28:54,669 INFO archived 1006139663344693249
2019-02-11 17:28:54,669 INFO archived 1005913850632425472
2019-02-11 17:28:54,669 INFO archived 1004491762704973825
2019-02-11 17:28:54,669 INFO archived 1004111059798708225
2019-02-11 17:28:54,670 INFO archived 1003757553820557312
2019-02-11 17:28:54,670 INFO archived 1001890661522706433
2019-02-11 17:28:54,670 INFO archived 1001157020467322886
2019-02-11 17:28:54,670 INFO archived 1000843956727533572
2019-02-11 17:28:54,670 INFO archived 1000761810495201280
2019-02-11 17:28:54,671 INFO archived 1000148438342914048
2019-02-11 17:28:54,671 INFO archived 999848377042046977
2019-02-11 17:28:54,671 INFO archived 999479432933969922
2019-02-11 17:28:54,671 INFO archived 999452083874140160
2019-02-11 17:28:54,671 INFO archived 999040610215583744
2019-02-11 17:28:54,672 INFO archived 997677070875549696
2019-02-11 17:28:54,672 INFO archived 996938884528459776
2019-02-11 17:28:54,672 INFO archived 996139323119620096
2019-02-11 17:28:54,672 INFO archived 996089105183371264
2019-02-11 17:28:54,672 INFO archived 995789554287284225
2019-02-11 17:28:54,672 INFO archived 994552016314732544
2019-02-11 17:28:54,673 INFO archived 994054182406672384
2019-02-11 17:28:54,673 INFO archived 993634312179372032
2019-02-11 17:28:54,673 INFO archived 992908076364783616
2019-02-11 17:28:54,673 INFO archived 990781116314419201
2019-02-11 17:28:54,673 INFO archived 990124321862553601
2019-02-11 17:28:54,674 INFO archived 989915768165937152
2019-02-11 17:28:54,674 INFO archived 989895239967133697
2019-02-11 17:28:54,674 INFO archived 989730843517108224
2019-02-11 17:28:54,674 INFO archived 989724420590600192
2019-02-11 17:28:54,675 INFO archived 989713407493394433
2019-02-11 17:28:54,675 INFO archived 988908793189761024
2019-02-11 17:28:54,675 INFO archived 988590063507435525
2019-02-11 17:28:54,675 INFO archived 988485402351886343
2019-02-11 17:28:54,675 INFO archived 988485359985152000
2019-02-11 17:28:54,676 INFO archived 987869785915568133
2019-02-11 17:28:54,676 INFO archived 987715984457895936
2019-02-11 17:28:54,676 INFO archived 986801417452163072
2019-02-11 17:28:54,676 INFO archived 985933758963560452
2019-02-11 17:28:54,676 INFO archived 985348423862968320
2019-02-11 17:28:54,677 INFO archived 983898079391834113
2019-02-11 17:28:54,677 INFO getting ('https://api.twitter.com/1.1/statuses/user_timeline.json',) {'params': {'count': 200, 'include_ext_alt_text': 'true', 'max_id': '983898079391834112', 'screen_name': 'adamwilborn97', 'tweet_mode': 'extended'}}
2019-02-11 17:28:54,959 INFO archived 983849760707743745
2019-02-11 17:28:54,960 INFO archived 983468984250130432
2019-02-11 17:28:54,960 INFO archived 983134204350394369
2019-02-11 17:28:54,960 INFO archived 982984382964228097
2019-02-11 17:28:54,960 INFO archived 981729304651485184
2019-02-11 17:28:54,961 INFO archived 981699963427180544
2019-02-11 17:28:54,961 INFO archived 980475604696027136
2019-02-11 17:28:54,961 INFO archived 980143036331102208
2019-02-11 17:28:54,961 INFO archived 979432789610201090
2019-02-11 17:28:54,961 INFO archived 979030967640735745
2019-02-11 17:28:54,962 INFO archived 978809153937436672
2019-02-11 17:28:54,962 INFO archived 978662752486133761
2019-02-11 17:28:54,962 INFO archived 978634007553421312
2019-02-11 17:28:54,962 INFO archived 978481478966312962
2019-02-11 17:28:54,962 INFO archived 978463648464146433
2019-02-11 17:28:54,963 INFO archived 978462316940455936
2019-02-11 17:28:54,963 INFO archived 978421813628850176
2019-02-11 17:28:54,963 INFO archived 977914906380062720
2019-02-11 17:28:54,963 INFO archived 977787288964001792
2019-02-11 17:28:54,964 INFO archived 977332297845239808
2019-02-11 17:28:54,964 INFO archived 976938592760139776
2019-02-11 17:28:54,964 INFO archived 976447478303248384
2019-02-11 17:28:54,964 INFO archived 975745292053237760
2019-02-11 17:28:54,964 INFO archived 975573768394493952
2019-02-11 17:28:54,964 INFO archived 974847310701170688
2019-02-11 17:28:54,965 INFO archived 974464978425188352
2019-02-11 17:28:54,965 INFO archived 973961444805967872
2019-02-11 17:28:54,965 INFO archived 973627934232674307
2019-02-11 17:28:54,965 INFO archived 973191971916349440
2019-02-11 17:28:54,965 INFO archived 971213878951665664
2019-02-11 17:28:54,966 INFO archived 970330747302182915
2019-02-11 17:28:54,966 INFO archived 969976891053629441
2019-02-11 17:28:54,966 INFO archived 969803770979930112
2019-02-11 17:28:54,966 INFO archived 968974202853314562
2019-02-11 17:28:54,966 INFO archived 968353889111236608
2019-02-11 17:28:54,967 INFO archived 968315803069186050
2019-02-11 17:28:54,967 INFO archived 968143712613224449
2019-02-11 17:28:54,967 INFO archived 966771421916680193
2019-02-11 17:28:54,967 INFO archived 965370267685085184
2019-02-11 17:28:54,967 INFO archived 965334864554872835
2019-02-11 17:28:54,967 INFO archived 964988012991000577
2019-02-11 17:28:54,968 INFO archived 964337842473316352
2019-02-11 17:28:54,968 INFO archived 962554128550461440
2019-02-11 17:28:54,968 INFO archived 958418425050812416
2019-02-11 17:28:54,968 INFO archived 957286403569848320
2019-02-11 17:28:54,968 INFO archived 955894827308277761
2019-02-11 17:28:54,969 INFO archived 955676645331034112
2019-02-11 17:28:54,969 INFO archived 954121888501874688
2019-02-11 17:28:54,969 INFO archived 954080299696250882
2019-02-11 17:28:54,969 INFO archived 950069004344979456
2019-02-11 17:28:54,970 INFO archived 950066643761319936
2019-02-11 17:28:54,970 INFO archived 949771023733460992
2019-02-11 17:28:54,970 INFO archived 948231627313963008
2019-02-11 17:28:54,970 INFO archived 947816682764070912
2019-02-11 17:28:54,971 INFO archived 943275011342848001
2019-02-11 17:28:54,971 INFO archived 942796110116122624
2019-02-11 17:28:54,971 INFO archived 942479889415929856
2019-02-11 17:28:54,971 INFO archived 941887707642580992
2019-02-11 17:28:54,971 INFO archived 941800787478532096
2019-02-11 17:28:54,971 INFO archived 939220349744500737
2019-02-11 17:28:54,972 INFO archived 938987266260660224
2019-02-11 17:28:54,972 INFO archived 929250002672680960
2019-02-11 17:28:54,972 INFO getting ('https://api.twitter.com/1.1/statuses/user_timeline.json',) {'params': {'count': 200, 'include_ext_alt_text': 'true', 'max_id': '929250002672680959', 'screen_name': 'adamwilborn97', 'tweet_mode': 'extended'}}
2019-02-11 17:28:55,100 INFO no new tweets matching {'count': 200, 'include_ext_alt_text': 'true', 'max_id': '929250002672680959', 'screen_name': 'adamwilborn97', 'tweet_mode': 'extended'}
